nohup: ignoring input
Downloading http://yann.lecun.com/exdb/mnist/train-images-idx3-ubyte.gz
Downloading http://yann.lecun.com/exdb/mnist/train-images-idx3-ubyte.gz to ./data/MNIST/raw/train-images-idx3-ubyte.gz
  0%|          | 0/9912422 [00:00<?, ?it/s]  1%|▏         | 131072/9912422 [00:00<00:11, 858243.84it/s]  5%|▍         | 458752/9912422 [00:00<00:04, 1993454.94it/s] 11%|█         | 1048576/9912422 [00:00<00:02, 3536456.19it/s] 25%|██▌       | 2490368/9912422 [00:00<00:01, 7399028.56it/s] 60%|██████    | 5996544/9912422 [00:00<00:00, 16754491.62it/s]100%|██████████| 9912422/9912422 [00:00<00:00, 14983642.16it/s]
Extracting ./data/MNIST/raw/train-images-idx3-ubyte.gz to ./data/MNIST/raw

Downloading http://yann.lecun.com/exdb/mnist/train-labels-idx1-ubyte.gz
Downloading http://yann.lecun.com/exdb/mnist/train-labels-idx1-ubyte.gz to ./data/MNIST/raw/train-labels-idx1-ubyte.gz
  0%|          | 0/28881 [00:00<?, ?it/s]100%|██████████| 28881/28881 [00:00<00:00, 4017767.62it/s]
Extracting ./data/MNIST/raw/train-labels-idx1-ubyte.gz to ./data/MNIST/raw

Downloading http://yann.lecun.com/exdb/mnist/t10k-images-idx3-ubyte.gz
Downloading http://yann.lecun.com/exdb/mnist/t10k-images-idx3-ubyte.gz to ./data/MNIST/raw/t10k-images-idx3-ubyte.gz
  0%|          | 0/1648877 [00:00<?, ?it/s]  6%|▌         | 98304/1648877 [00:00<00:01, 901095.26it/s] 14%|█▍        | 229376/1648877 [00:00<00:01, 1055667.71it/s] 32%|███▏      | 524288/1648877 [00:00<00:00, 1850867.81it/s] 78%|███████▊  | 1277952/1648877 [00:00<00:00, 3960132.53it/s]100%|██████████| 1648877/1648877 [00:00<00:00, 3621317.83it/s]
Extracting ./data/MNIST/raw/t10k-images-idx3-ubyte.gz to ./data/MNIST/raw

Downloading http://yann.lecun.com/exdb/mnist/t10k-labels-idx1-ubyte.gz
Downloading http://yann.lecun.com/exdb/mnist/t10k-labels-idx1-ubyte.gz to ./data/MNIST/raw/t10k-labels-idx1-ubyte.gz
  0%|          | 0/4542 [00:00<?, ?it/s]100%|██████████| 4542/4542 [00:00<00:00, 31333106.53it/s]
Extracting ./data/MNIST/raw/t10k-labels-idx1-ubyte.gz to ./data/MNIST/raw

Epoch[0/100],d_loss:0.085406,g_loss:4.643135 D real: 0.973035,D fake: 0.020816
Epoch[0/100],d_loss:0.228705,g_loss:4.215488 D real: 0.889347,D fake: 0.012451
Epoch[0/100],d_loss:0.202812,g_loss:4.956462 D real: 0.915051,D fake: 0.027965
Epoch[0/100],d_loss:0.140071,g_loss:3.822159 D real: 0.920962,D fake: 0.012897
Epoch[1/100],d_loss:0.140622,g_loss:6.750903 D real: 0.940467,D fake: 0.033234
Epoch[1/100],d_loss:0.124880,g_loss:5.656997 D real: 0.957545,D fake: 0.029425
Epoch[1/100],d_loss:0.131119,g_loss:3.589751 D real: 0.967022,D fake: 0.060555
Epoch[1/100],d_loss:0.115198,g_loss:5.519520 D real: 0.986678,D fake: 0.069267
Epoch[2/100],d_loss:0.101815,g_loss:4.674273 D real: 0.965072,D fake: 0.042581
Epoch[2/100],d_loss:0.117983,g_loss:4.845407 D real: 0.983375,D fake: 0.058792
Epoch[2/100],d_loss:0.168788,g_loss:4.043657 D real: 0.964874,D fake: 0.069400
Epoch[2/100],d_loss:0.069151,g_loss:3.818030 D real: 0.981790,D fake: 0.040278
Epoch[3/100],d_loss:0.202993,g_loss:2.929958 D real: 0.943774,D fake: 0.067514
Epoch[3/100],d_loss:0.205074,g_loss:5.116545 D real: 0.932400,D fake: 0.028556
Epoch[3/100],d_loss:0.143136,g_loss:4.096706 D real: 0.965571,D fake: 0.070555
Epoch[3/100],d_loss:0.163633,g_loss:5.836523 D real: 0.934520,D fake: 0.024667
Epoch[4/100],d_loss:0.168804,g_loss:3.881941 D real: 0.960289,D fake: 0.068387
Epoch[4/100],d_loss:0.178407,g_loss:5.450284 D real: 0.921080,D fake: 0.014692
Epoch[4/100],d_loss:0.124723,g_loss:5.710953 D real: 0.957200,D fake: 0.016503
Epoch[4/100],d_loss:0.149079,g_loss:6.221377 D real: 0.949891,D fake: 0.022021
Epoch[5/100],d_loss:0.124775,g_loss:5.211440 D real: 0.960662,D fake: 0.043127
Epoch[5/100],d_loss:0.176246,g_loss:5.923182 D real: 0.937241,D fake: 0.032767
Epoch[5/100],d_loss:0.184813,g_loss:4.727340 D real: 0.976426,D fake: 0.101943
Epoch[5/100],d_loss:0.289153,g_loss:2.773993 D real: 0.968025,D fake: 0.143313
Epoch[6/100],d_loss:0.194195,g_loss:4.733161 D real: 0.969326,D fake: 0.084983
Epoch[6/100],d_loss:0.084505,g_loss:5.203854 D real: 0.969780,D fake: 0.027393
Epoch[6/100],d_loss:0.124158,g_loss:5.103952 D real: 0.953038,D fake: 0.032183
Epoch[6/100],d_loss:0.122015,g_loss:4.642210 D real: 0.951588,D fake: 0.031128
Epoch[7/100],d_loss:0.208666,g_loss:6.495929 D real: 0.921457,D fake: 0.021496
Epoch[7/100],d_loss:0.168207,g_loss:4.986798 D real: 0.945006,D fake: 0.044661
Epoch[7/100],d_loss:0.119299,g_loss:5.892674 D real: 0.958008,D fake: 0.048417
Epoch[7/100],d_loss:0.241484,g_loss:4.292473 D real: 0.980916,D fake: 0.114402
Epoch[8/100],d_loss:0.075500,g_loss:4.898476 D real: 0.960419,D fake: 0.018934
Epoch[8/100],d_loss:0.222054,g_loss:5.165335 D real: 0.912085,D fake: 0.019886
Epoch[8/100],d_loss:0.163953,g_loss:4.692747 D real: 0.921675,D fake: 0.030666
Epoch[8/100],d_loss:0.159123,g_loss:5.420007 D real: 0.927900,D fake: 0.025270
Epoch[9/100],d_loss:0.210264,g_loss:5.327047 D real: 0.928024,D fake: 0.046060
Epoch[9/100],d_loss:0.170521,g_loss:4.853536 D real: 0.953867,D fake: 0.065470
Epoch[9/100],d_loss:0.201465,g_loss:3.964347 D real: 0.947776,D fake: 0.079280
Epoch[9/100],d_loss:0.176493,g_loss:5.281466 D real: 0.923838,D fake: 0.027833
Epoch[10/100],d_loss:0.160068,g_loss:5.647320 D real: 0.931701,D fake: 0.033698
Epoch[10/100],d_loss:0.208109,g_loss:5.391573 D real: 0.938297,D fake: 0.043329
Epoch[10/100],d_loss:0.116725,g_loss:4.797041 D real: 0.953348,D fake: 0.040353
Epoch[10/100],d_loss:0.262606,g_loss:4.520540 D real: 0.912774,D fake: 0.054413
Epoch[11/100],d_loss:0.289146,g_loss:5.380271 D real: 0.987396,D fake: 0.159503
Epoch[11/100],d_loss:0.193246,g_loss:4.781331 D real: 0.972701,D fake: 0.082579
Epoch[11/100],d_loss:0.231750,g_loss:5.098352 D real: 0.932236,D fake: 0.070826
Epoch[11/100],d_loss:0.160502,g_loss:4.168065 D real: 0.939835,D fake: 0.049062
Epoch[12/100],d_loss:0.164500,g_loss:3.929327 D real: 0.953194,D fake: 0.077705
Epoch[12/100],d_loss:0.273455,g_loss:5.213474 D real: 0.907269,D fake: 0.045550
Epoch[12/100],d_loss:0.185652,g_loss:5.122114 D real: 0.928164,D fake: 0.027311
Epoch[12/100],d_loss:0.127437,g_loss:5.318366 D real: 0.949440,D fake: 0.041556
Epoch[13/100],d_loss:0.190516,g_loss:4.083737 D real: 0.951768,D fake: 0.061794
Epoch[13/100],d_loss:0.104221,g_loss:6.051749 D real: 0.949943,D fake: 0.031771
Epoch[13/100],d_loss:0.250000,g_loss:6.684652 D real: 0.903533,D fake: 0.007810
Epoch[13/100],d_loss:0.159523,g_loss:5.923577 D real: 0.938645,D fake: 0.032519
Epoch[14/100],d_loss:0.209155,g_loss:4.776499 D real: 0.925272,D fake: 0.065927
Epoch[14/100],d_loss:0.145438,g_loss:5.292509 D real: 0.943825,D fake: 0.039777
Epoch[14/100],d_loss:0.222106,g_loss:4.636682 D real: 0.936101,D fake: 0.068424
Epoch[14/100],d_loss:0.226211,g_loss:3.636484 D real: 0.908344,D fake: 0.038112
Epoch[15/100],d_loss:0.164617,g_loss:5.544337 D real: 0.940406,D fake: 0.037448
Epoch[15/100],d_loss:0.222883,g_loss:4.154543 D real: 0.962524,D fake: 0.088197
Epoch[15/100],d_loss:0.183166,g_loss:5.171159 D real: 0.920822,D fake: 0.022144
Epoch[15/100],d_loss:0.190991,g_loss:4.550642 D real: 0.942724,D fake: 0.071325
Epoch[16/100],d_loss:0.168556,g_loss:5.331470 D real: 0.947283,D fake: 0.057123
Epoch[16/100],d_loss:0.246424,g_loss:4.619637 D real: 0.912318,D fake: 0.050992
Epoch[16/100],d_loss:0.267783,g_loss:4.428958 D real: 0.911579,D fake: 0.060497
Epoch[16/100],d_loss:0.300817,g_loss:4.509688 D real: 0.893164,D fake: 0.053109
Epoch[17/100],d_loss:0.230682,g_loss:4.126839 D real: 0.899988,D fake: 0.046538
Epoch[17/100],d_loss:0.175082,g_loss:5.053933 D real: 0.939403,D fake: 0.057538
Epoch[17/100],d_loss:0.140570,g_loss:4.582047 D real: 0.964334,D fake: 0.071117
Epoch[17/100],d_loss:0.284893,g_loss:5.230099 D real: 0.912381,D fake: 0.028517
Epoch[18/100],d_loss:0.250245,g_loss:4.567962 D real: 0.968911,D fake: 0.119795
Epoch[18/100],d_loss:0.219569,g_loss:4.687005 D real: 0.915309,D fake: 0.057145
Epoch[18/100],d_loss:0.224117,g_loss:5.309244 D real: 0.917546,D fake: 0.042964
Epoch[18/100],d_loss:0.168697,g_loss:3.672404 D real: 0.949471,D fake: 0.064249
Epoch[19/100],d_loss:0.180690,g_loss:3.854486 D real: 0.974760,D fake: 0.102826
Epoch[19/100],d_loss:0.182996,g_loss:4.131248 D real: 0.946894,D fake: 0.072768
Epoch[19/100],d_loss:0.267861,g_loss:4.026275 D real: 0.940096,D fake: 0.098687
Epoch[19/100],d_loss:0.230595,g_loss:3.608262 D real: 0.971986,D fake: 0.130237
Epoch[20/100],d_loss:0.317948,g_loss:3.943888 D real: 0.942399,D fake: 0.134588
Epoch[20/100],d_loss:0.214052,g_loss:4.397651 D real: 0.927667,D fake: 0.058895
Epoch[20/100],d_loss:0.254607,g_loss:4.230341 D real: 0.904366,D fake: 0.066648
Epoch[20/100],d_loss:0.248093,g_loss:4.195379 D real: 0.912382,D fake: 0.053608
Epoch[21/100],d_loss:0.078274,g_loss:5.935193 D real: 0.966245,D fake: 0.014787
Epoch[21/100],d_loss:0.272963,g_loss:3.668553 D real: 0.898750,D fake: 0.048655
Epoch[21/100],d_loss:0.212055,g_loss:4.897021 D real: 0.940020,D fake: 0.073641
Epoch[21/100],d_loss:0.262500,g_loss:3.628999 D real: 0.921138,D fake: 0.084036
Epoch[22/100],d_loss:0.222845,g_loss:3.679085 D real: 0.955702,D fake: 0.100262
Epoch[22/100],d_loss:0.112155,g_loss:5.814127 D real: 0.974456,D fake: 0.037778
Epoch[22/100],d_loss:0.168593,g_loss:4.352927 D real: 0.936207,D fake: 0.048313
Epoch[22/100],d_loss:0.278724,g_loss:4.251965 D real: 0.934332,D fake: 0.084453
Epoch[23/100],d_loss:0.250795,g_loss:4.135328 D real: 0.927621,D fake: 0.064814
Epoch[23/100],d_loss:0.175804,g_loss:4.555445 D real: 0.945577,D fake: 0.059426
Epoch[23/100],d_loss:0.198336,g_loss:5.047211 D real: 0.941959,D fake: 0.075188
Epoch[23/100],d_loss:0.238489,g_loss:3.739453 D real: 0.923108,D fake: 0.047025
Epoch[24/100],d_loss:0.142259,g_loss:4.604503 D real: 0.971971,D fake: 0.074367
Epoch[24/100],d_loss:0.231599,g_loss:3.078949 D real: 0.959131,D fake: 0.108004
Epoch[24/100],d_loss:0.208027,g_loss:4.328235 D real: 0.931751,D fake: 0.058832
Epoch[24/100],d_loss:0.129137,g_loss:4.975569 D real: 0.954562,D fake: 0.038943
Epoch[25/100],d_loss:0.173877,g_loss:5.557059 D real: 0.937490,D fake: 0.032917
Epoch[25/100],d_loss:0.265834,g_loss:4.610806 D real: 0.909918,D fake: 0.035009
Epoch[25/100],d_loss:0.162580,g_loss:4.617812 D real: 0.926562,D fake: 0.029340
Epoch[25/100],d_loss:0.097312,g_loss:5.920382 D real: 0.964679,D fake: 0.024463
Epoch[26/100],d_loss:0.195642,g_loss:3.905025 D real: 0.958352,D fake: 0.074273
Epoch[26/100],d_loss:0.102497,g_loss:4.448916 D real: 0.973823,D fake: 0.044951
Epoch[26/100],d_loss:0.145590,g_loss:5.057641 D real: 0.945266,D fake: 0.032710
Epoch[26/100],d_loss:0.166291,g_loss:4.783142 D real: 0.931037,D fake: 0.026652
Epoch[27/100],d_loss:0.197027,g_loss:3.794714 D real: 0.971361,D fake: 0.119755
Epoch[27/100],d_loss:0.136139,g_loss:4.839866 D real: 0.959362,D fake: 0.046608
Epoch[27/100],d_loss:0.116751,g_loss:4.670451 D real: 0.986386,D fake: 0.080149
Epoch[27/100],d_loss:0.169308,g_loss:5.030843 D real: 0.946215,D fake: 0.033140
Epoch[28/100],d_loss:0.192408,g_loss:4.851008 D real: 0.968794,D fake: 0.080505
Epoch[28/100],d_loss:0.143121,g_loss:3.928114 D real: 0.968868,D fake: 0.073869
Epoch[28/100],d_loss:0.168494,g_loss:5.831161 D real: 0.950469,D fake: 0.019021
Epoch[28/100],d_loss:0.239406,g_loss:4.538776 D real: 0.925589,D fake: 0.049450
Epoch[29/100],d_loss:0.150163,g_loss:4.968802 D real: 0.950638,D fake: 0.045650
Epoch[29/100],d_loss:0.170600,g_loss:5.747650 D real: 0.950272,D fake: 0.039212
Epoch[29/100],d_loss:0.201230,g_loss:3.912888 D real: 0.955762,D fake: 0.078954
Epoch[29/100],d_loss:0.116504,g_loss:4.885111 D real: 0.963766,D fake: 0.049631
Epoch[30/100],d_loss:0.119229,g_loss:3.966759 D real: 0.975891,D fake: 0.072484
Epoch[30/100],d_loss:0.111838,g_loss:4.873286 D real: 0.970421,D fake: 0.046783
Epoch[30/100],d_loss:0.187406,g_loss:4.484956 D real: 0.943204,D fake: 0.076311
Epoch[30/100],d_loss:0.054833,g_loss:5.603815 D real: 0.973697,D fake: 0.014109
Epoch[31/100],d_loss:0.187148,g_loss:3.996221 D real: 0.939785,D fake: 0.054129
Epoch[31/100],d_loss:0.128735,g_loss:4.271955 D real: 0.944215,D fake: 0.037366
Epoch[31/100],d_loss:0.111077,g_loss:5.763003 D real: 0.954963,D fake: 0.024937
Epoch[31/100],d_loss:0.097338,g_loss:5.638522 D real: 0.973571,D fake: 0.035085
Epoch[32/100],d_loss:0.084919,g_loss:4.974223 D real: 0.971393,D fake: 0.035595
Epoch[32/100],d_loss:0.107498,g_loss:5.518440 D real: 0.960553,D fake: 0.027152
Epoch[32/100],d_loss:0.138053,g_loss:7.174866 D real: 0.958470,D fake: 0.019038
Epoch[32/100],d_loss:0.199693,g_loss:4.987897 D real: 0.929854,D fake: 0.037645
Epoch[33/100],d_loss:0.111531,g_loss:4.979903 D real: 0.942838,D fake: 0.014915
Epoch[33/100],d_loss:0.126708,g_loss:6.003571 D real: 0.954252,D fake: 0.028634
Epoch[33/100],d_loss:0.068683,g_loss:5.452953 D real: 0.974326,D fake: 0.028289
Epoch[33/100],d_loss:0.104967,g_loss:5.916620 D real: 0.969370,D fake: 0.019479
Epoch[34/100],d_loss:0.088120,g_loss:5.065717 D real: 0.970580,D fake: 0.029486
Epoch[34/100],d_loss:0.176754,g_loss:5.628541 D real: 0.931545,D fake: 0.005852
Epoch[34/100],d_loss:0.157265,g_loss:5.073170 D real: 0.977149,D fake: 0.064365
Epoch[34/100],d_loss:0.119694,g_loss:6.026823 D real: 0.952634,D fake: 0.016811
Epoch[35/100],d_loss:0.079775,g_loss:5.475703 D real: 0.987571,D fake: 0.053914
Epoch[35/100],d_loss:0.097021,g_loss:5.326832 D real: 0.958673,D fake: 0.028326
Epoch[35/100],d_loss:0.225247,g_loss:5.154022 D real: 0.927319,D fake: 0.042157
Epoch[35/100],d_loss:0.157511,g_loss:5.446986 D real: 0.966285,D fake: 0.037106
Epoch[36/100],d_loss:0.093340,g_loss:4.942179 D real: 0.975885,D fake: 0.050172
Epoch[36/100],d_loss:0.135986,g_loss:5.638046 D real: 0.952434,D fake: 0.020254
Epoch[36/100],d_loss:0.078885,g_loss:5.968889 D real: 0.978747,D fake: 0.027981
Epoch[36/100],d_loss:0.204386,g_loss:4.799797 D real: 0.956800,D fake: 0.061913
Epoch[37/100],d_loss:0.083202,g_loss:5.528563 D real: 0.973442,D fake: 0.029320
Epoch[37/100],d_loss:0.085186,g_loss:6.574342 D real: 0.967898,D fake: 0.024154
Epoch[37/100],d_loss:0.169216,g_loss:4.975473 D real: 0.974292,D fake: 0.080916
Epoch[37/100],d_loss:0.174890,g_loss:5.116975 D real: 0.958629,D fake: 0.052492
Epoch[38/100],d_loss:0.144922,g_loss:4.933716 D real: 0.948256,D fake: 0.028890
Epoch[38/100],d_loss:0.064207,g_loss:5.449992 D real: 0.986450,D fake: 0.030004
Epoch[38/100],d_loss:0.179927,g_loss:7.053877 D real: 0.939606,D fake: 0.004671
Epoch[38/100],d_loss:0.095000,g_loss:4.823986 D real: 0.977628,D fake: 0.040544
Epoch[39/100],d_loss:0.112196,g_loss:5.552676 D real: 0.994964,D fake: 0.068238
Epoch[39/100],d_loss:0.128249,g_loss:4.858873 D real: 0.962484,D fake: 0.045225
Epoch[39/100],d_loss:0.057958,g_loss:5.777356 D real: 0.982308,D fake: 0.029376
Epoch[39/100],d_loss:0.102560,g_loss:5.838641 D real: 0.969954,D fake: 0.046208
Epoch[40/100],d_loss:0.052064,g_loss:4.486261 D real: 0.978263,D fake: 0.018541
Epoch[40/100],d_loss:0.120156,g_loss:6.893642 D real: 0.965193,D fake: 0.012018
Epoch[40/100],d_loss:0.083077,g_loss:6.317312 D real: 0.983853,D fake: 0.040825
Epoch[40/100],d_loss:0.117436,g_loss:5.689514 D real: 0.962688,D fake: 0.025734
Epoch[41/100],d_loss:0.055955,g_loss:6.527745 D real: 0.978052,D fake: 0.020914
Epoch[41/100],d_loss:0.041223,g_loss:6.284964 D real: 0.978503,D fake: 0.004696
Epoch[41/100],d_loss:0.110794,g_loss:6.716277 D real: 0.954227,D fake: 0.007828
Epoch[41/100],d_loss:0.114644,g_loss:6.554933 D real: 0.961909,D fake: 0.017182
Epoch[42/100],d_loss:0.130347,g_loss:6.589613 D real: 0.956953,D fake: 0.016858
Epoch[42/100],d_loss:0.125431,g_loss:5.323170 D real: 0.953587,D fake: 0.035289
Epoch[42/100],d_loss:0.034853,g_loss:5.902145 D real: 0.991459,D fake: 0.022632
Epoch[42/100],d_loss:0.074113,g_loss:7.220370 D real: 0.974287,D fake: 0.018279
Epoch[43/100],d_loss:0.078674,g_loss:5.852298 D real: 0.973053,D fake: 0.022443
Epoch[43/100],d_loss:0.064137,g_loss:5.687957 D real: 0.988133,D fake: 0.035127
Epoch[43/100],d_loss:0.045159,g_loss:6.288239 D real: 0.983696,D fake: 0.013760
Epoch[43/100],d_loss:0.125190,g_loss:6.023352 D real: 0.961790,D fake: 0.015358
Epoch[44/100],d_loss:0.093178,g_loss:3.963929 D real: 0.973322,D fake: 0.043772
Epoch[44/100],d_loss:0.067744,g_loss:7.102406 D real: 0.972143,D fake: 0.016792
Epoch[44/100],d_loss:0.059343,g_loss:5.701654 D real: 0.977330,D fake: 0.017750
Epoch[44/100],d_loss:0.076759,g_loss:6.401315 D real: 0.965646,D fake: 0.006318
Epoch[45/100],d_loss:0.119824,g_loss:5.467726 D real: 0.965078,D fake: 0.034094
Epoch[45/100],d_loss:0.039728,g_loss:7.196227 D real: 0.977158,D fake: 0.003366
Epoch[45/100],d_loss:0.122314,g_loss:6.020862 D real: 0.955682,D fake: 0.018227
Epoch[45/100],d_loss:0.075655,g_loss:5.071996 D real: 0.981634,D fake: 0.033858
Epoch[46/100],d_loss:0.040248,g_loss:4.661995 D real: 0.988059,D fake: 0.023483
Epoch[46/100],d_loss:0.149088,g_loss:5.375619 D real: 0.940563,D fake: 0.010679
Epoch[46/100],d_loss:0.098705,g_loss:4.904589 D real: 0.969614,D fake: 0.039640
Epoch[46/100],d_loss:0.169406,g_loss:4.477519 D real: 0.979947,D fake: 0.077547
Epoch[47/100],d_loss:0.108764,g_loss:4.990672 D real: 0.981227,D fake: 0.047295
Epoch[47/100],d_loss:0.071399,g_loss:6.063140 D real: 0.971106,D fake: 0.013361
Epoch[47/100],d_loss:0.076245,g_loss:6.432431 D real: 0.972798,D fake: 0.023809
Epoch[47/100],d_loss:0.111495,g_loss:5.326942 D real: 0.969151,D fake: 0.028841
Epoch[48/100],d_loss:0.089218,g_loss:6.606004 D real: 0.972139,D fake: 0.013189
Epoch[48/100],d_loss:0.153541,g_loss:5.469565 D real: 0.956143,D fake: 0.033963
Epoch[48/100],d_loss:0.070123,g_loss:5.155162 D real: 0.977708,D fake: 0.017917
Epoch[48/100],d_loss:0.103339,g_loss:7.631738 D real: 0.965118,D fake: 0.013140
Epoch[49/100],d_loss:0.067603,g_loss:5.575521 D real: 0.978366,D fake: 0.029091
Epoch[49/100],d_loss:0.056450,g_loss:6.234103 D real: 0.976128,D fake: 0.013221
Epoch[49/100],d_loss:0.110416,g_loss:5.190978 D real: 0.974433,D fake: 0.044535
Epoch[49/100],d_loss:0.054406,g_loss:7.269367 D real: 0.982279,D fake: 0.011115
Epoch[50/100],d_loss:0.067351,g_loss:5.556480 D real: 0.981911,D fake: 0.027306
Epoch[50/100],d_loss:0.053249,g_loss:5.940311 D real: 0.982884,D fake: 0.028740
Epoch[50/100],d_loss:0.134004,g_loss:5.457046 D real: 0.977490,D fake: 0.066333
Epoch[50/100],d_loss:0.052253,g_loss:6.570242 D real: 0.976968,D fake: 0.006644
Epoch[51/100],d_loss:0.066836,g_loss:6.901038 D real: 0.989468,D fake: 0.026085
Epoch[51/100],d_loss:0.069492,g_loss:6.356494 D real: 0.983451,D fake: 0.026653
Epoch[51/100],d_loss:0.020087,g_loss:6.641543 D real: 0.989060,D fake: 0.005486
Epoch[51/100],d_loss:0.077918,g_loss:7.161014 D real: 0.973556,D fake: 0.005621
Epoch[52/100],d_loss:0.020814,g_loss:6.357413 D real: 0.993164,D fake: 0.012019
Epoch[52/100],d_loss:0.076116,g_loss:6.878825 D real: 0.971721,D fake: 0.006208
Epoch[52/100],d_loss:0.160226,g_loss:4.838429 D real: 0.966609,D fake: 0.057812
Epoch[52/100],d_loss:0.066074,g_loss:5.157920 D real: 0.993173,D fake: 0.044927
Epoch[53/100],d_loss:0.113694,g_loss:5.898911 D real: 0.963615,D fake: 0.019640
Epoch[53/100],d_loss:0.059339,g_loss:5.486711 D real: 0.972609,D fake: 0.014680
Epoch[53/100],d_loss:0.071263,g_loss:5.080672 D real: 0.987199,D fake: 0.037845
Epoch[53/100],d_loss:0.045431,g_loss:5.119940 D real: 0.988642,D fake: 0.028008
Epoch[54/100],d_loss:0.089805,g_loss:6.728517 D real: 0.962101,D fake: 0.006443
Epoch[54/100],d_loss:0.076378,g_loss:5.760888 D real: 0.991197,D fake: 0.047577
Epoch[54/100],d_loss:0.091970,g_loss:5.315075 D real: 0.989359,D fake: 0.058648
Epoch[54/100],d_loss:0.081363,g_loss:8.156827 D real: 0.963884,D fake: 0.003924
Epoch[55/100],d_loss:0.036382,g_loss:6.081958 D real: 0.984726,D fake: 0.014621
Epoch[55/100],d_loss:0.036239,g_loss:6.097502 D real: 0.999601,D fake: 0.031601
Epoch[55/100],d_loss:0.038357,g_loss:6.055373 D real: 0.979353,D fake: 0.009022
Epoch[55/100],d_loss:0.114798,g_loss:6.170445 D real: 0.967980,D fake: 0.019044
Epoch[56/100],d_loss:0.084322,g_loss:5.231558 D real: 0.975181,D fake: 0.031755
Epoch[56/100],d_loss:0.047844,g_loss:5.955698 D real: 0.993151,D fake: 0.027085
Epoch[56/100],d_loss:0.089973,g_loss:6.203337 D real: 0.966112,D fake: 0.004288
Epoch[56/100],d_loss:0.052568,g_loss:6.100411 D real: 0.979726,D fake: 0.005892
Epoch[57/100],d_loss:0.035111,g_loss:8.211939 D real: 0.983542,D fake: 0.001723
Epoch[57/100],d_loss:0.065828,g_loss:5.536323 D real: 0.990960,D fake: 0.037449
Epoch[57/100],d_loss:0.086157,g_loss:6.332775 D real: 0.972680,D fake: 0.013568
Epoch[57/100],d_loss:0.047795,g_loss:7.197344 D real: 0.986526,D fake: 0.018254
Epoch[58/100],d_loss:0.035114,g_loss:6.690900 D real: 0.988402,D fake: 0.011588
Epoch[58/100],d_loss:0.037974,g_loss:6.910169 D real: 0.987577,D fake: 0.015147
Epoch[58/100],d_loss:0.052070,g_loss:6.076610 D real: 0.984648,D fake: 0.019654
Epoch[58/100],d_loss:0.031627,g_loss:6.322113 D real: 0.994352,D fake: 0.018906
Epoch[59/100],d_loss:0.078934,g_loss:7.389132 D real: 0.967358,D fake: 0.003273
Epoch[59/100],d_loss:0.063180,g_loss:8.260948 D real: 0.972821,D fake: 0.001152
Epoch[59/100],d_loss:0.057526,g_loss:6.770144 D real: 0.974874,D fake: 0.006451
Epoch[59/100],d_loss:0.042518,g_loss:5.589746 D real: 0.994604,D fake: 0.027701
Epoch[60/100],d_loss:0.021060,g_loss:6.765944 D real: 0.998935,D fake: 0.018082
Epoch[60/100],d_loss:0.038510,g_loss:7.680005 D real: 0.981508,D fake: 0.005966
Epoch[60/100],d_loss:0.052247,g_loss:5.436725 D real: 0.994355,D fake: 0.037865
Epoch[60/100],d_loss:0.034195,g_loss:7.659057 D real: 0.980549,D fake: 0.004100
Epoch[61/100],d_loss:0.054332,g_loss:6.501161 D real: 0.980376,D fake: 0.013867
Epoch[61/100],d_loss:0.019264,g_loss:8.407619 D real: 0.988221,D fake: 0.001619
Epoch[61/100],d_loss:0.049846,g_loss:8.701994 D real: 0.982268,D fake: 0.004638
Epoch[61/100],d_loss:0.042871,g_loss:6.912290 D real: 0.986662,D fake: 0.013223
Epoch[62/100],d_loss:0.045691,g_loss:6.242832 D real: 0.995017,D fake: 0.034298
Epoch[62/100],d_loss:0.065358,g_loss:6.863319 D real: 0.986542,D fake: 0.022667
Epoch[62/100],d_loss:0.056453,g_loss:5.788096 D real: 0.994454,D fake: 0.035093
Epoch[62/100],d_loss:0.025989,g_loss:6.921445 D real: 0.991765,D fake: 0.003792
Epoch[63/100],d_loss:0.053129,g_loss:6.889008 D real: 0.980417,D fake: 0.009828
Epoch[63/100],d_loss:0.023240,g_loss:7.893441 D real: 0.995239,D fake: 0.010340
Epoch[63/100],d_loss:0.033340,g_loss:6.090421 D real: 0.996022,D fake: 0.022810
Epoch[63/100],d_loss:0.042232,g_loss:6.135162 D real: 0.982167,D fake: 0.012006
Epoch[64/100],d_loss:0.019712,g_loss:6.701535 D real: 0.995948,D fake: 0.014110
Epoch[64/100],d_loss:0.062044,g_loss:6.952291 D real: 0.989555,D fake: 0.033306
Epoch[64/100],d_loss:0.013609,g_loss:7.026808 D real: 0.995511,D fake: 0.007834
Epoch[64/100],d_loss:0.024238,g_loss:7.250406 D real: 0.989830,D fake: 0.010246
Epoch[65/100],d_loss:0.020207,g_loss:7.466532 D real: 0.995846,D fake: 0.014026
Epoch[65/100],d_loss:0.022051,g_loss:8.392433 D real: 0.993373,D fake: 0.010531
Epoch[65/100],d_loss:0.017476,g_loss:7.732038 D real: 0.990419,D fake: 0.004638
Epoch[65/100],d_loss:0.045584,g_loss:7.717898 D real: 0.985808,D fake: 0.002028
Epoch[66/100],d_loss:0.007404,g_loss:7.442137 D real: 0.996525,D fake: 0.003434
Epoch[66/100],d_loss:0.033452,g_loss:6.440971 D real: 0.980911,D fake: 0.003725
Epoch[66/100],d_loss:0.048178,g_loss:9.829294 D real: 0.985030,D fake: 0.004564
Epoch[66/100],d_loss:0.022954,g_loss:6.205262 D real: 0.994451,D fake: 0.014572
Epoch[67/100],d_loss:0.037928,g_loss:7.001274 D real: 0.996575,D fake: 0.026311
Epoch[67/100],d_loss:0.022071,g_loss:7.723762 D real: 0.986521,D fake: 0.003028
Epoch[67/100],d_loss:0.056897,g_loss:8.754009 D real: 0.976750,D fake: 0.007762
Epoch[67/100],d_loss:0.057688,g_loss:6.666692 D real: 0.994524,D fake: 0.034865
Epoch[68/100],d_loss:0.022031,g_loss:8.035600 D real: 0.992665,D fake: 0.008971
Epoch[68/100],d_loss:0.013001,g_loss:8.606386 D real: 0.994303,D fake: 0.004250
Epoch[68/100],d_loss:0.013042,g_loss:8.039482 D real: 0.997032,D fake: 0.009082
Epoch[68/100],d_loss:0.015527,g_loss:8.246020 D real: 0.991185,D fake: 0.002587
Epoch[69/100],d_loss:0.013764,g_loss:7.314165 D real: 0.998517,D fake: 0.011396
Epoch[69/100],d_loss:0.019038,g_loss:8.641346 D real: 0.997932,D fake: 0.014125
Epoch[69/100],d_loss:0.012547,g_loss:8.061890 D real: 0.995294,D fake: 0.006992
Epoch[69/100],d_loss:0.017165,g_loss:7.092065 D real: 0.997215,D fake: 0.013260
Epoch[70/100],d_loss:0.022218,g_loss:7.785921 D real: 0.990730,D fake: 0.008356
Epoch[70/100],d_loss:0.013514,g_loss:7.502285 D real: 0.996485,D fake: 0.009321
Epoch[70/100],d_loss:0.020560,g_loss:7.223845 D real: 0.994753,D fake: 0.011486
Epoch[70/100],d_loss:0.027479,g_loss:7.669476 D real: 0.990128,D fake: 0.011089
Epoch[71/100],d_loss:0.042253,g_loss:8.547668 D real: 0.986117,D fake: 0.004831
Epoch[71/100],d_loss:0.034460,g_loss:9.378401 D real: 0.983232,D fake: 0.001600
Epoch[71/100],d_loss:0.037035,g_loss:7.969911 D real: 0.992166,D fake: 0.016600
Epoch[71/100],d_loss:0.038348,g_loss:7.241487 D real: 0.991215,D fake: 0.015139
Epoch[72/100],d_loss:0.021703,g_loss:10.553169 D real: 0.985773,D fake: 0.000662
Epoch[72/100],d_loss:0.009974,g_loss:8.223880 D real: 0.998188,D fake: 0.007296
Epoch[72/100],d_loss:0.060396,g_loss:5.993077 D real: 0.991847,D fake: 0.034413
Epoch[72/100],d_loss:0.020174,g_loss:6.762183 D real: 0.994376,D fake: 0.013062
Epoch[73/100],d_loss:0.016418,g_loss:8.876561 D real: 0.998330,D fake: 0.009174
Epoch[73/100],d_loss:0.010425,g_loss:6.898319 D real: 0.997185,D fake: 0.007058
Epoch[73/100],d_loss:0.015420,g_loss:10.185532 D real: 0.992139,D fake: 0.004290
Epoch[73/100],d_loss:0.029911,g_loss:9.021395 D real: 0.991681,D fake: 0.007888
Epoch[74/100],d_loss:0.013329,g_loss:8.126015 D real: 0.999219,D fake: 0.010666
Epoch[74/100],d_loss:0.019279,g_loss:7.921710 D real: 0.987968,D fake: 0.001948
Epoch[74/100],d_loss:0.036140,g_loss:6.882637 D real: 0.999956,D fake: 0.027366
Epoch[74/100],d_loss:0.006083,g_loss:11.237171 D real: 0.999601,D fake: 0.004462
Epoch[75/100],d_loss:0.007303,g_loss:7.816207 D real: 0.997758,D fake: 0.004571
Epoch[75/100],d_loss:0.010386,g_loss:8.644581 D real: 0.996200,D fake: 0.005035
Epoch[75/100],d_loss:0.022358,g_loss:7.550760 D real: 0.999186,D fake: 0.015964
Epoch[75/100],d_loss:0.008527,g_loss:7.849843 D real: 0.997357,D fake: 0.005416
Epoch[76/100],d_loss:0.008780,g_loss:8.356994 D real: 0.996558,D fake: 0.004736
Epoch[76/100],d_loss:0.009820,g_loss:9.250497 D real: 0.993798,D fake: 0.001839
Epoch[76/100],d_loss:0.004307,g_loss:9.819595 D real: 0.996556,D fake: 0.000413
Epoch[76/100],d_loss:0.023565,g_loss:9.426339 D real: 0.987082,D fake: 0.001548
Epoch[77/100],d_loss:0.015948,g_loss:9.101203 D real: 0.989345,D fake: 0.000654
Epoch[77/100],d_loss:0.025652,g_loss:9.688494 D real: 0.997493,D fake: 0.010191
Epoch[77/100],d_loss:0.016990,g_loss:8.334492 D real: 0.993211,D fake: 0.007735
Epoch[77/100],d_loss:0.026814,g_loss:7.842365 D real: 0.993500,D fake: 0.014845
Epoch[78/100],d_loss:0.026697,g_loss:8.216023 D real: 0.996700,D fake: 0.014292
Epoch[78/100],d_loss:0.006989,g_loss:9.956042 D real: 0.995232,D fake: 0.001714
Epoch[78/100],d_loss:0.033011,g_loss:11.083030 D real: 0.981770,D fake: 0.000338
Epoch[78/100],d_loss:0.006729,g_loss:11.068802 D real: 0.994419,D fake: 0.000436
Epoch[79/100],d_loss:0.001962,g_loss:9.553040 D real: 0.999335,D fake: 0.001259
Epoch[79/100],d_loss:0.014633,g_loss:8.417247 D real: 0.997894,D fake: 0.008241
Epoch[79/100],d_loss:0.013426,g_loss:9.233335 D real: 0.990024,D fake: 0.001581
Epoch[79/100],d_loss:0.006789,g_loss:9.087898 D real: 0.996412,D fake: 0.002309
Epoch[80/100],d_loss:0.007256,g_loss:10.430941 D real: 0.994327,D fake: 0.000895
Epoch[80/100],d_loss:0.014111,g_loss:10.110910 D real: 0.990963,D fake: 0.000275
Epoch[80/100],d_loss:0.019875,g_loss:9.770688 D real: 0.996513,D fake: 0.011340
Epoch[80/100],d_loss:0.007225,g_loss:6.916224 D real: 0.999862,D fake: 0.006676
Epoch[81/100],d_loss:0.006694,g_loss:9.150408 D real: 0.999986,D fake: 0.005884
Epoch[81/100],d_loss:0.018115,g_loss:8.231526 D real: 0.999850,D fake: 0.009406
Epoch[81/100],d_loss:0.032137,g_loss:11.721704 D real: 0.986738,D fake: 0.000390
Epoch[81/100],d_loss:0.012317,g_loss:9.359415 D real: 0.995808,D fake: 0.005923
Epoch[82/100],d_loss:0.044053,g_loss:9.938356 D real: 0.989574,D fake: 0.010097
Epoch[82/100],d_loss:0.019193,g_loss:8.432611 D real: 0.999628,D fake: 0.014743
Epoch[82/100],d_loss:0.039240,g_loss:9.581694 D real: 0.997380,D fake: 0.015235
Epoch[82/100],d_loss:0.006955,g_loss:10.604924 D real: 0.995137,D fake: 0.000758
Epoch[83/100],d_loss:0.008717,g_loss:9.976423 D real: 0.997795,D fake: 0.005620
Epoch[83/100],d_loss:0.002885,g_loss:10.835942 D real: 0.997755,D fake: 0.000398
Epoch[83/100],d_loss:0.039009,g_loss:8.438237 D real: 0.992244,D fake: 0.001583
Epoch[83/100],d_loss:0.011768,g_loss:9.308110 D real: 0.995695,D fake: 0.005113
Epoch[84/100],d_loss:0.026357,g_loss:10.009909 D real: 0.994858,D fake: 0.013507
Epoch[84/100],d_loss:0.009922,g_loss:8.544998 D real: 0.999052,D fake: 0.007648
Epoch[84/100],d_loss:0.006024,g_loss:9.945089 D real: 0.997107,D fake: 0.002457
Epoch[84/100],d_loss:0.003513,g_loss:10.739128 D real: 0.998074,D fake: 0.001422
Epoch[85/100],d_loss:0.023532,g_loss:10.694839 D real: 0.997874,D fake: 0.010348
Epoch[85/100],d_loss:0.016093,g_loss:8.957783 D real: 0.989321,D fake: 0.001001
Epoch[85/100],d_loss:0.004099,g_loss:11.794834 D real: 0.996355,D fake: 0.000177
Epoch[85/100],d_loss:0.002620,g_loss:9.849226 D real: 0.998779,D fake: 0.001357
Epoch[86/100],d_loss:0.000689,g_loss:10.231054 D real: 0.999946,D fake: 0.000628
Epoch[86/100],d_loss:0.003638,g_loss:10.518709 D real: 0.999348,D fake: 0.002842
Epoch[86/100],d_loss:0.009564,g_loss:8.673480 D real: 0.994673,D fake: 0.002872
Epoch[86/100],d_loss:0.005142,g_loss:10.952108 D real: 0.998133,D fake: 0.002821
Epoch[87/100],d_loss:0.005617,g_loss:9.729666 D real: 0.995398,D fake: 0.000401
Epoch[87/100],d_loss:0.007922,g_loss:11.530604 D real: 0.995432,D fake: 0.002723
Epoch[87/100],d_loss:0.000649,g_loss:11.712666 D real: 0.999545,D fake: 0.000187
Epoch[87/100],d_loss:0.006205,g_loss:11.291115 D real: 0.996575,D fake: 0.002193
Epoch[88/100],d_loss:0.017727,g_loss:10.214705 D real: 0.995548,D fake: 0.009977
Epoch[88/100],d_loss:0.001741,g_loss:10.522710 D real: 0.999726,D fake: 0.001428
Epoch[88/100],d_loss:0.003057,g_loss:10.434638 D real: 0.998073,D fake: 0.000882
Epoch[88/100],d_loss:0.009819,g_loss:11.364303 D real: 0.996375,D fake: 0.004521
Epoch[89/100],d_loss:0.000778,g_loss:12.606343 D real: 0.999298,D fake: 0.000065
Epoch[89/100],d_loss:0.001214,g_loss:12.449823 D real: 0.999655,D fake: 0.000851
Epoch[89/100],d_loss:0.005957,g_loss:10.284967 D real: 0.997182,D fake: 0.002494
Epoch[89/100],d_loss:0.002245,g_loss:12.054188 D real: 0.999705,D fake: 0.001831
Epoch[90/100],d_loss:0.001291,g_loss:10.573739 D real: 0.999540,D fake: 0.000800
Epoch[90/100],d_loss:0.009980,g_loss:11.291500 D real: 0.999771,D fake: 0.007780
Epoch[90/100],d_loss:0.026488,g_loss:12.188806 D real: 0.987575,D fake: 0.000067
Epoch[90/100],d_loss:0.002568,g_loss:11.954334 D real: 0.997772,D fake: 0.000150
Epoch[91/100],d_loss:0.000361,g_loss:11.740670 D real: 0.999913,D fake: 0.000273
Epoch[91/100],d_loss:0.028040,g_loss:9.419411 D real: 0.999017,D fake: 0.012940
Epoch[91/100],d_loss:0.025728,g_loss:8.134932 D real: 0.999975,D fake: 0.012557
Epoch[91/100],d_loss:0.001267,g_loss:13.525609 D real: 0.998797,D fake: 0.000034
Epoch[92/100],d_loss:0.003158,g_loss:11.704676 D real: 0.997901,D fake: 0.000849
Epoch[92/100],d_loss:0.026653,g_loss:11.061974 D real: 0.999028,D fake: 0.007957
Epoch[92/100],d_loss:0.002971,g_loss:9.446638 D real: 0.999272,D fake: 0.002128
Epoch[92/100],d_loss:0.010966,g_loss:11.522318 D real: 0.999168,D fake: 0.008747
Epoch[93/100],d_loss:0.003637,g_loss:11.027604 D real: 0.997718,D fake: 0.001120
Epoch[93/100],d_loss:0.001349,g_loss:11.944496 D real: 0.998768,D fake: 0.000081
Epoch[93/100],d_loss:0.001352,g_loss:13.200976 D real: 0.999388,D fake: 0.000704
Epoch[93/100],d_loss:0.000285,g_loss:11.164410 D real: 0.999900,D fake: 0.000184
Epoch[94/100],d_loss:0.000842,g_loss:11.838648 D real: 0.999249,D fake: 0.000069
Epoch[94/100],d_loss:0.000535,g_loss:10.981190 D real: 0.999915,D fake: 0.000447
Epoch[94/100],d_loss:0.002317,g_loss:11.326334 D real: 0.998524,D fake: 0.000763
Epoch[94/100],d_loss:0.015224,g_loss:9.651821 D real: 0.997045,D fake: 0.009404
Epoch[95/100],d_loss:0.008402,g_loss:14.063730 D real: 0.992988,D fake: 0.000027
Epoch[95/100],d_loss:0.000395,g_loss:13.473942 D real: 0.999796,D fake: 0.000188
Epoch[95/100],d_loss:0.002170,g_loss:11.163599 D real: 0.999143,D fake: 0.001223
Epoch[95/100],d_loss:0.000862,g_loss:12.668953 D real: 0.999992,D fake: 0.000815
Epoch[96/100],d_loss:0.039546,g_loss:12.089061 D real: 0.987090,D fake: 0.000530
Epoch[96/100],d_loss:0.001527,g_loss:10.219061 D real: 0.999548,D fake: 0.001049
Epoch[96/100],d_loss:0.005076,g_loss:13.355721 D real: 0.995992,D fake: 0.000347
Epoch[96/100],d_loss:0.004747,g_loss:11.298452 D real: 0.996215,D fake: 0.000470
Epoch[97/100],d_loss:0.001293,g_loss:11.873785 D real: 0.999898,D fake: 0.001130
Epoch[97/100],d_loss:0.002235,g_loss:11.539600 D real: 0.999300,D fake: 0.001426
Epoch[97/100],d_loss:0.004857,g_loss:9.060688 D real: 0.999994,D fake: 0.004711
Epoch[97/100],d_loss:0.002584,g_loss:12.798618 D real: 0.998532,D fake: 0.000926
Epoch[98/100],d_loss:0.003435,g_loss:13.453328 D real: 0.996866,D fake: 0.000063
Epoch[98/100],d_loss:0.000774,g_loss:10.610546 D real: 0.999890,D fake: 0.000660
Epoch[98/100],d_loss:0.000729,g_loss:10.690776 D real: 0.999735,D fake: 0.000459
Epoch[98/100],d_loss:0.002075,g_loss:10.636225 D real: 0.999259,D fake: 0.001272
Epoch[99/100],d_loss:0.014925,g_loss:13.409733 D real: 0.999864,D fake: 0.006897
Epoch[99/100],d_loss:0.000424,g_loss:10.390972 D real: 0.999899,D fake: 0.000322
Epoch[99/100],d_loss:0.001226,g_loss:11.326110 D real: 0.999476,D fake: 0.000686
Epoch[99/100],d_loss:0.005547,g_loss:10.974804 D real: 0.999993,D fake: 0.004712
